2024-09-21T16:16:50.354+05:30  INFO 5272 --- [Telusko_Project_1] [restartedMain] d.j.t.TeluskoProject1Application         : Starting TeluskoProject1Application using Java 21.0.4 with PID 5272 (D:\Telusko Project\Telusko_Project_1\target\classes started by JAGAN BASKAR in D:\Telusko Project\Telusko_Project_1)
2024-09-21T16:16:50.373+05:30  INFO 5272 --- [Telusko_Project_1] [restartedMain] d.j.t.TeluskoProject1Application         : No active profile set, falling back to 1 default profile: "default"
2024-09-21T16:16:50.475+05:30  INFO 5272 --- [Telusko_Project_1] [restartedMain] .e.DevToolsPropertyDefaultsPostProcessor : Devtools property defaults active! Set 'spring.devtools.add-properties' to 'false' to disable
2024-09-21T16:16:50.478+05:30  INFO 5272 --- [Telusko_Project_1] [restartedMain] .e.DevToolsPropertyDefaultsPostProcessor : For additional web related logging consider setting the 'logging.level.web' property to 'DEBUG'
2024-09-21T16:16:51.679+05:30  INFO 5272 --- [Telusko_Project_1] [restartedMain] .s.d.r.c.RepositoryConfigurationDelegate : Bootstrapping Spring Data JPA repositories in DEFAULT mode.
2024-09-21T16:16:51.759+05:30  INFO 5272 --- [Telusko_Project_1] [restartedMain] .s.d.r.c.RepositoryConfigurationDelegate : Finished Spring Data repository scanning in 73 ms. Found 1 JPA repository interface.
2024-09-21T16:16:52.481+05:30  INFO 5272 --- [Telusko_Project_1] [restartedMain] o.s.b.w.embedded.tomcat.TomcatWebServer  : Tomcat initialized with port 8080 (http)
2024-09-21T16:16:52.498+05:30  INFO 5272 --- [Telusko_Project_1] [restartedMain] o.apache.catalina.core.StandardService   : Starting service [Tomcat]
2024-09-21T16:16:52.498+05:30  INFO 5272 --- [Telusko_Project_1] [restartedMain] o.apache.catalina.core.StandardEngine    : Starting Servlet engine: [Apache Tomcat/10.1.28]
2024-09-21T16:16:52.572+05:30  INFO 5272 --- [Telusko_Project_1] [restartedMain] o.a.c.c.C.[Tomcat].[localhost].[/]       : Initializing Spring embedded WebApplicationContext
2024-09-21T16:16:52.573+05:30  INFO 5272 --- [Telusko_Project_1] [restartedMain] w.s.c.ServletWebServerApplicationContext : Root WebApplicationContext: initialization completed in 2093 ms
2024-09-21T16:16:52.620+05:30  INFO 5272 --- [Telusko_Project_1] [restartedMain] com.zaxxer.hikari.HikariDataSource       : HikariPool-1 - Starting...
2024-09-21T16:16:53.053+05:30  INFO 5272 --- [Telusko_Project_1] [restartedMain] com.zaxxer.hikari.pool.HikariPool        : HikariPool-1 - Added connection com.mysql.cj.jdbc.ConnectionImpl@78e947f7
2024-09-21T16:16:53.055+05:30  INFO 5272 --- [Telusko_Project_1] [restartedMain] com.zaxxer.hikari.HikariDataSource       : HikariPool-1 - Start completed.
2024-09-21T16:16:53.068+05:30  INFO 5272 --- [Telusko_Project_1] [restartedMain] o.s.b.a.h2.H2ConsoleAutoConfiguration    : H2 console available at '/h2-console'. Database available at 'jdbc:mysql://localhost:3306/telusko_project_1'
2024-09-21T16:16:53.223+05:30  INFO 5272 --- [Telusko_Project_1] [restartedMain] o.hibernate.jpa.internal.util.LogHelper  : HHH000204: Processing PersistenceUnitInfo [name: default]
2024-09-21T16:16:53.301+05:30  INFO 5272 --- [Telusko_Project_1] [restartedMain] org.hibernate.Version                    : HHH000412: Hibernate ORM core version 6.5.2.Final
2024-09-21T16:16:53.346+05:30  INFO 5272 --- [Telusko_Project_1] [restartedMain] o.h.c.internal.RegionFactoryInitiator    : HHH000026: Second-level cache disabled
2024-09-21T16:16:53.768+05:30  INFO 5272 --- [Telusko_Project_1] [restartedMain] o.s.o.j.p.SpringPersistenceUnitInfo      : No LoadTimeWeaver setup: ignoring JPA class transformer
2024-09-21T16:16:54.756+05:30  INFO 5272 --- [Telusko_Project_1] [restartedMain] o.h.e.t.j.p.i.JtaPlatformInitiator       : HHH000489: No JTA platform available (set 'hibernate.transaction.jta.platform' to enable JTA platform integration)
2024-09-21T16:16:54.827+05:30  INFO 5272 --- [Telusko_Project_1] [restartedMain] j.LocalContainerEntityManagerFactoryBean : Initialized JPA EntityManagerFactory for persistence unit 'default'
2024-09-21T16:16:55.258+05:30  WARN 5272 --- [Telusko_Project_1] [restartedMain] JpaBaseConfiguration$JpaWebConfiguration : spring.jpa.open-in-view is enabled by default. Therefore, database queries may be performed during view rendering. Explicitly configure spring.jpa.open-in-view to disable this warning
2024-09-21T16:16:55.711+05:30  INFO 5272 --- [Telusko_Project_1] [restartedMain] o.s.b.d.a.OptionalLiveReloadServer       : LiveReload server is running on port 35729
2024-09-21T16:16:55.757+05:30  INFO 5272 --- [Telusko_Project_1] [restartedMain] o.s.b.w.embedded.tomcat.TomcatWebServer  : Tomcat started on port 8080 (http) with context path '/'
2024-09-21T16:16:55.766+05:30  INFO 5272 --- [Telusko_Project_1] [restartedMain] d.j.t.TeluskoProject1Application         : Started TeluskoProject1Application in 6.094 seconds (process running for 7.481)
2024-09-21T16:17:58.361+05:30  INFO 5272 --- [Telusko_Project_1] [http-nio-8080-exec-2] o.a.c.c.C.[Tomcat].[localhost].[/]       : Initializing Spring DispatcherServlet 'dispatcherServlet'
2024-09-21T16:17:58.362+05:30  INFO 5272 --- [Telusko_Project_1] [http-nio-8080-exec-2] o.s.web.servlet.DispatcherServlet        : Initializing Servlet 'dispatcherServlet'
2024-09-21T16:17:58.363+05:30  INFO 5272 --- [Telusko_Project_1] [http-nio-8080-exec-2] o.s.web.servlet.DispatcherServlet        : Completed initialization in 1 ms
2024-09-21T16:19:10.424+05:30  INFO 5272 --- [Telusko_Project_1] [SpringApplicationShutdownHook] j.LocalContainerEntityManagerFactoryBean : Closing JPA EntityManagerFactory for persistence unit 'default'
2024-09-21T16:19:10.428+05:30  INFO 5272 --- [Telusko_Project_1] [SpringApplicationShutdownHook] com.zaxxer.hikari.HikariDataSource       : HikariPool-1 - Shutdown initiated...
2024-09-21T16:19:10.438+05:30  INFO 5272 --- [Telusko_Project_1] [SpringApplicationShutdownHook] com.zaxxer.hikari.HikariDataSource       : HikariPool-1 - Shutdown completed.
2024-09-21T16:19:14.352+05:30  INFO 36672 --- [Telusko_Project_1] [restartedMain] d.j.t.TeluskoProject1Application         : Starting TeluskoProject1Application using Java 21.0.4 with PID 36672 (D:\Telusko Project\Telusko_Project_1\target\classes started by JAGAN BASKAR in D:\Telusko Project\Telusko_Project_1)
2024-09-21T16:19:14.355+05:30  INFO 36672 --- [Telusko_Project_1] [restartedMain] d.j.t.TeluskoProject1Application         : No active profile set, falling back to 1 default profile: "default"
2024-09-21T16:19:14.449+05:30  INFO 36672 --- [Telusko_Project_1] [restartedMain] .e.DevToolsPropertyDefaultsPostProcessor : Devtools property defaults active! Set 'spring.devtools.add-properties' to 'false' to disable
2024-09-21T16:19:14.450+05:30  INFO 36672 --- [Telusko_Project_1] [restartedMain] .e.DevToolsPropertyDefaultsPostProcessor : For additional web related logging consider setting the 'logging.level.web' property to 'DEBUG'
2024-09-21T16:19:15.420+05:30  INFO 36672 --- [Telusko_Project_1] [restartedMain] .s.d.r.c.RepositoryConfigurationDelegate : Bootstrapping Spring Data JPA repositories in DEFAULT mode.
2024-09-21T16:19:15.503+05:30  INFO 36672 --- [Telusko_Project_1] [restartedMain] .s.d.r.c.RepositoryConfigurationDelegate : Finished Spring Data repository scanning in 68 ms. Found 1 JPA repository interface.
2024-09-21T16:19:16.156+05:30  INFO 36672 --- [Telusko_Project_1] [restartedMain] o.s.b.w.embedded.tomcat.TomcatWebServer  : Tomcat initialized with port 8080 (http)
2024-09-21T16:19:16.173+05:30  INFO 36672 --- [Telusko_Project_1] [restartedMain] o.apache.catalina.core.StandardService   : Starting service [Tomcat]
2024-09-21T16:19:16.174+05:30  INFO 36672 --- [Telusko_Project_1] [restartedMain] o.apache.catalina.core.StandardEngine    : Starting Servlet engine: [Apache Tomcat/10.1.28]
2024-09-21T16:19:16.229+05:30  INFO 36672 --- [Telusko_Project_1] [restartedMain] o.a.c.c.C.[Tomcat].[localhost].[/]       : Initializing Spring embedded WebApplicationContext
2024-09-21T16:19:16.229+05:30  INFO 36672 --- [Telusko_Project_1] [restartedMain] w.s.c.ServletWebServerApplicationContext : Root WebApplicationContext: initialization completed in 1778 ms
2024-09-21T16:19:16.262+05:30  INFO 36672 --- [Telusko_Project_1] [restartedMain] com.zaxxer.hikari.HikariDataSource       : HikariPool-1 - Starting...
2024-09-21T16:19:16.698+05:30  INFO 36672 --- [Telusko_Project_1] [restartedMain] com.zaxxer.hikari.pool.HikariPool        : HikariPool-1 - Added connection com.mysql.cj.jdbc.ConnectionImpl@60975968
2024-09-21T16:19:16.702+05:30  INFO 36672 --- [Telusko_Project_1] [restartedMain] com.zaxxer.hikari.HikariDataSource       : HikariPool-1 - Start completed.
2024-09-21T16:19:16.714+05:30  INFO 36672 --- [Telusko_Project_1] [restartedMain] o.s.b.a.h2.H2ConsoleAutoConfiguration    : H2 console available at '/h2-console'. Database available at 'jdbc:mysql://localhost:3306/telusko_project_1'
2024-09-21T16:19:16.902+05:30  INFO 36672 --- [Telusko_Project_1] [restartedMain] o.hibernate.jpa.internal.util.LogHelper  : HHH000204: Processing PersistenceUnitInfo [name: default]
2024-09-21T16:19:16.977+05:30  INFO 36672 --- [Telusko_Project_1] [restartedMain] org.hibernate.Version                    : HHH000412: Hibernate ORM core version 6.5.2.Final
2024-09-21T16:19:17.032+05:30  INFO 36672 --- [Telusko_Project_1] [restartedMain] o.h.c.internal.RegionFactoryInitiator    : HHH000026: Second-level cache disabled
2024-09-21T16:19:17.448+05:30  INFO 36672 --- [Telusko_Project_1] [restartedMain] o.s.o.j.p.SpringPersistenceUnitInfo      : No LoadTimeWeaver setup: ignoring JPA class transformer
2024-09-21T16:19:18.429+05:30  INFO 36672 --- [Telusko_Project_1] [restartedMain] o.h.e.t.j.p.i.JtaPlatformInitiator       : HHH000489: No JTA platform available (set 'hibernate.transaction.jta.platform' to enable JTA platform integration)
2024-09-21T16:19:18.478+05:30  INFO 36672 --- [Telusko_Project_1] [restartedMain] j.LocalContainerEntityManagerFactoryBean : Initialized JPA EntityManagerFactory for persistence unit 'default'
2024-09-21T16:19:18.824+05:30  WARN 36672 --- [Telusko_Project_1] [restartedMain] JpaBaseConfiguration$JpaWebConfiguration : spring.jpa.open-in-view is enabled by default. Therefore, database queries may be performed during view rendering. Explicitly configure spring.jpa.open-in-view to disable this warning
2024-09-21T16:19:19.239+05:30  INFO 36672 --- [Telusko_Project_1] [restartedMain] o.s.b.d.a.OptionalLiveReloadServer       : LiveReload server is running on port 35729
2024-09-21T16:19:19.290+05:30  INFO 36672 --- [Telusko_Project_1] [restartedMain] o.s.b.w.embedded.tomcat.TomcatWebServer  : Tomcat started on port 8080 (http) with context path '/'
2024-09-21T16:19:19.303+05:30  INFO 36672 --- [Telusko_Project_1] [restartedMain] d.j.t.TeluskoProject1Application         : Started TeluskoProject1Application in 5.656 seconds (process running for 7.05)
2024-09-21T16:20:06.032+05:30  INFO 36672 --- [Telusko_Project_1] [http-nio-8080-exec-1] o.a.c.c.C.[Tomcat].[localhost].[/]       : Initializing Spring DispatcherServlet 'dispatcherServlet'
2024-09-21T16:20:06.032+05:30  INFO 36672 --- [Telusko_Project_1] [http-nio-8080-exec-1] o.s.web.servlet.DispatcherServlet        : Initializing Servlet 'dispatcherServlet'
2024-09-21T16:20:06.034+05:30  INFO 36672 --- [Telusko_Project_1] [http-nio-8080-exec-1] o.s.web.servlet.DispatcherServlet        : Completed initialization in 1 ms
2024-09-21T16:22:58.059+05:30  INFO 36672 --- [Telusko_Project_1] [SpringApplicationShutdownHook] j.LocalContainerEntityManagerFactoryBean : Closing JPA EntityManagerFactory for persistence unit 'default'
2024-09-21T16:22:58.087+05:30  INFO 36672 --- [Telusko_Project_1] [SpringApplicationShutdownHook] com.zaxxer.hikari.HikariDataSource       : HikariPool-1 - Shutdown initiated...
2024-09-21T16:22:58.122+05:30  INFO 36672 --- [Telusko_Project_1] [SpringApplicationShutdownHook] com.zaxxer.hikari.HikariDataSource       : HikariPool-1 - Shutdown completed.
2024-09-21T16:25:52.953+05:30  INFO 4232 --- [Telusko_Project_1] [restartedMain] d.j.t.TeluskoProject1Application         : Starting TeluskoProject1Application using Java 21.0.4 with PID 4232 (D:\Telusko Project\Telusko_Project_1\target\classes started by JAGAN BASKAR in D:\Telusko Project\Telusko_Project_1)
2024-09-21T16:25:52.959+05:30  INFO 4232 --- [Telusko_Project_1] [restartedMain] d.j.t.TeluskoProject1Application         : No active profile set, falling back to 1 default profile: "default"
2024-09-21T16:25:53.044+05:30  INFO 4232 --- [Telusko_Project_1] [restartedMain] .e.DevToolsPropertyDefaultsPostProcessor : Devtools property defaults active! Set 'spring.devtools.add-properties' to 'false' to disable
2024-09-21T16:25:53.044+05:30  INFO 4232 --- [Telusko_Project_1] [restartedMain] .e.DevToolsPropertyDefaultsPostProcessor : For additional web related logging consider setting the 'logging.level.web' property to 'DEBUG'
2024-09-21T16:25:54.121+05:30  INFO 4232 --- [Telusko_Project_1] [restartedMain] .s.d.r.c.RepositoryConfigurationDelegate : Bootstrapping Spring Data JPA repositories in DEFAULT mode.
2024-09-21T16:25:54.190+05:30  INFO 4232 --- [Telusko_Project_1] [restartedMain] .s.d.r.c.RepositoryConfigurationDelegate : Finished Spring Data repository scanning in 61 ms. Found 1 JPA repository interface.
2024-09-21T16:25:54.827+05:30  INFO 4232 --- [Telusko_Project_1] [restartedMain] o.s.b.w.embedded.tomcat.TomcatWebServer  : Tomcat initialized with port 8080 (http)
2024-09-21T16:25:54.843+05:30  INFO 4232 --- [Telusko_Project_1] [restartedMain] o.apache.catalina.core.StandardService   : Starting service [Tomcat]
2024-09-21T16:25:54.843+05:30  INFO 4232 --- [Telusko_Project_1] [restartedMain] o.apache.catalina.core.StandardEngine    : Starting Servlet engine: [Apache Tomcat/10.1.28]
2024-09-21T16:25:54.911+05:30  INFO 4232 --- [Telusko_Project_1] [restartedMain] o.a.c.c.C.[Tomcat].[localhost].[/]       : Initializing Spring embedded WebApplicationContext
2024-09-21T16:25:54.911+05:30  INFO 4232 --- [Telusko_Project_1] [restartedMain] w.s.c.ServletWebServerApplicationContext : Root WebApplicationContext: initialization completed in 1865 ms
2024-09-21T16:25:54.956+05:30  INFO 4232 --- [Telusko_Project_1] [restartedMain] com.zaxxer.hikari.HikariDataSource       : HikariPool-1 - Starting...
2024-09-21T16:25:55.407+05:30  INFO 4232 --- [Telusko_Project_1] [restartedMain] com.zaxxer.hikari.pool.HikariPool        : HikariPool-1 - Added connection com.mysql.cj.jdbc.ConnectionImpl@34427467
2024-09-21T16:25:55.410+05:30  INFO 4232 --- [Telusko_Project_1] [restartedMain] com.zaxxer.hikari.HikariDataSource       : HikariPool-1 - Start completed.
2024-09-21T16:25:55.420+05:30  INFO 4232 --- [Telusko_Project_1] [restartedMain] o.s.b.a.h2.H2ConsoleAutoConfiguration    : H2 console available at '/h2-console'. Database available at 'jdbc:mysql://localhost:3306/telusko_project_1'
2024-09-21T16:25:55.606+05:30  INFO 4232 --- [Telusko_Project_1] [restartedMain] o.hibernate.jpa.internal.util.LogHelper  : HHH000204: Processing PersistenceUnitInfo [name: default]
2024-09-21T16:25:55.694+05:30  INFO 4232 --- [Telusko_Project_1] [restartedMain] org.hibernate.Version                    : HHH000412: Hibernate ORM core version 6.5.2.Final
2024-09-21T16:25:55.749+05:30  INFO 4232 --- [Telusko_Project_1] [restartedMain] o.h.c.internal.RegionFactoryInitiator    : HHH000026: Second-level cache disabled
2024-09-21T16:25:56.157+05:30  INFO 4232 --- [Telusko_Project_1] [restartedMain] o.s.o.j.p.SpringPersistenceUnitInfo      : No LoadTimeWeaver setup: ignoring JPA class transformer
2024-09-21T16:25:57.279+05:30  INFO 4232 --- [Telusko_Project_1] [restartedMain] o.h.e.t.j.p.i.JtaPlatformInitiator       : HHH000489: No JTA platform available (set 'hibernate.transaction.jta.platform' to enable JTA platform integration)
2024-09-21T16:25:57.336+05:30  INFO 4232 --- [Telusko_Project_1] [restartedMain] j.LocalContainerEntityManagerFactoryBean : Initialized JPA EntityManagerFactory for persistence unit 'default'
2024-09-21T16:25:57.799+05:30  WARN 4232 --- [Telusko_Project_1] [restartedMain] JpaBaseConfiguration$JpaWebConfiguration : spring.jpa.open-in-view is enabled by default. Therefore, database queries may be performed during view rendering. Explicitly configure spring.jpa.open-in-view to disable this warning
2024-09-21T16:25:58.367+05:30  INFO 4232 --- [Telusko_Project_1] [restartedMain] o.s.b.d.a.OptionalLiveReloadServer       : LiveReload server is running on port 35729
2024-09-21T16:25:58.419+05:30  INFO 4232 --- [Telusko_Project_1] [restartedMain] o.s.b.w.embedded.tomcat.TomcatWebServer  : Tomcat started on port 8080 (http) with context path '/'
2024-09-21T16:25:58.429+05:30  INFO 4232 --- [Telusko_Project_1] [restartedMain] d.j.t.TeluskoProject1Application         : Started TeluskoProject1Application in 6.159 seconds (process running for 8.015)
2024-09-21T16:26:05.437+05:30  INFO 4232 --- [Telusko_Project_1] [http-nio-8080-exec-1] o.a.c.c.C.[Tomcat].[localhost].[/]       : Initializing Spring DispatcherServlet 'dispatcherServlet'
2024-09-21T16:26:05.438+05:30  INFO 4232 --- [Telusko_Project_1] [http-nio-8080-exec-1] o.s.web.servlet.DispatcherServlet        : Initializing Servlet 'dispatcherServlet'
2024-09-21T16:26:05.439+05:30  INFO 4232 --- [Telusko_Project_1] [http-nio-8080-exec-1] o.s.web.servlet.DispatcherServlet        : Completed initialization in 1 ms
2024-09-21T16:29:26.714+05:30  INFO 4232 --- [Telusko_Project_1] [SpringApplicationShutdownHook] j.LocalContainerEntityManagerFactoryBean : Closing JPA EntityManagerFactory for persistence unit 'default'
2024-09-21T16:29:26.717+05:30  INFO 4232 --- [Telusko_Project_1] [SpringApplicationShutdownHook] com.zaxxer.hikari.HikariDataSource       : HikariPool-1 - Shutdown initiated...
2024-09-21T16:29:26.727+05:30  INFO 4232 --- [Telusko_Project_1] [SpringApplicationShutdownHook] com.zaxxer.hikari.HikariDataSource       : HikariPool-1 - Shutdown completed.
2024-09-21T16:29:34.325+05:30  INFO 21940 --- [Telusko_Project_1] [restartedMain] d.j.t.TeluskoProject1Application         : Starting TeluskoProject1Application using Java 21.0.4 with PID 21940 (D:\Telusko Project\Telusko_Project_1\target\classes started by JAGAN BASKAR in D:\Telusko Project\Telusko_Project_1)
2024-09-21T16:29:34.330+05:30  INFO 21940 --- [Telusko_Project_1] [restartedMain] d.j.t.TeluskoProject1Application         : No active profile set, falling back to 1 default profile: "default"
2024-09-21T16:29:34.423+05:30  INFO 21940 --- [Telusko_Project_1] [restartedMain] .e.DevToolsPropertyDefaultsPostProcessor : Devtools property defaults active! Set 'spring.devtools.add-properties' to 'false' to disable
2024-09-21T16:29:34.426+05:30  INFO 21940 --- [Telusko_Project_1] [restartedMain] .e.DevToolsPropertyDefaultsPostProcessor : For additional web related logging consider setting the 'logging.level.web' property to 'DEBUG'
2024-09-21T16:29:35.298+05:30  INFO 21940 --- [Telusko_Project_1] [restartedMain] .s.d.r.c.RepositoryConfigurationDelegate : Bootstrapping Spring Data JPA repositories in DEFAULT mode.
2024-09-21T16:29:35.357+05:30  INFO 21940 --- [Telusko_Project_1] [restartedMain] .s.d.r.c.RepositoryConfigurationDelegate : Finished Spring Data repository scanning in 52 ms. Found 1 JPA repository interface.
2024-09-21T16:29:35.933+05:30  INFO 21940 --- [Telusko_Project_1] [restartedMain] o.s.b.w.embedded.tomcat.TomcatWebServer  : Tomcat initialized with port 8080 (http)
2024-09-21T16:29:35.956+05:30  INFO 21940 --- [Telusko_Project_1] [restartedMain] o.apache.catalina.core.StandardService   : Starting service [Tomcat]
2024-09-21T16:29:35.956+05:30  INFO 21940 --- [Telusko_Project_1] [restartedMain] o.apache.catalina.core.StandardEngine    : Starting Servlet engine: [Apache Tomcat/10.1.28]
2024-09-21T16:29:36.011+05:30  INFO 21940 --- [Telusko_Project_1] [restartedMain] o.a.c.c.C.[Tomcat].[localhost].[/]       : Initializing Spring embedded WebApplicationContext
2024-09-21T16:29:36.011+05:30  INFO 21940 --- [Telusko_Project_1] [restartedMain] w.s.c.ServletWebServerApplicationContext : Root WebApplicationContext: initialization completed in 1584 ms
2024-09-21T16:29:36.052+05:30  INFO 21940 --- [Telusko_Project_1] [restartedMain] com.zaxxer.hikari.HikariDataSource       : HikariPool-1 - Starting...
2024-09-21T16:29:36.438+05:30  INFO 21940 --- [Telusko_Project_1] [restartedMain] com.zaxxer.hikari.pool.HikariPool        : HikariPool-1 - Added connection com.mysql.cj.jdbc.ConnectionImpl@73f13286
2024-09-21T16:29:36.440+05:30  INFO 21940 --- [Telusko_Project_1] [restartedMain] com.zaxxer.hikari.HikariDataSource       : HikariPool-1 - Start completed.
2024-09-21T16:29:36.451+05:30  INFO 21940 --- [Telusko_Project_1] [restartedMain] o.s.b.a.h2.H2ConsoleAutoConfiguration    : H2 console available at '/h2-console'. Database available at 'jdbc:mysql://localhost:3306/telusko_project_1'
2024-09-21T16:29:36.610+05:30  INFO 21940 --- [Telusko_Project_1] [restartedMain] o.hibernate.jpa.internal.util.LogHelper  : HHH000204: Processing PersistenceUnitInfo [name: default]
2024-09-21T16:29:36.707+05:30  INFO 21940 --- [Telusko_Project_1] [restartedMain] org.hibernate.Version                    : HHH000412: Hibernate ORM core version 6.5.2.Final
2024-09-21T16:29:36.761+05:30  INFO 21940 --- [Telusko_Project_1] [restartedMain] o.h.c.internal.RegionFactoryInitiator    : HHH000026: Second-level cache disabled
2024-09-21T16:29:37.230+05:30  INFO 21940 --- [Telusko_Project_1] [restartedMain] o.s.o.j.p.SpringPersistenceUnitInfo      : No LoadTimeWeaver setup: ignoring JPA class transformer
2024-09-21T16:29:38.330+05:30  INFO 21940 --- [Telusko_Project_1] [restartedMain] o.h.e.t.j.p.i.JtaPlatformInitiator       : HHH000489: No JTA platform available (set 'hibernate.transaction.jta.platform' to enable JTA platform integration)
2024-09-21T16:29:38.399+05:30  INFO 21940 --- [Telusko_Project_1] [restartedMain] j.LocalContainerEntityManagerFactoryBean : Initialized JPA EntityManagerFactory for persistence unit 'default'
2024-09-21T16:29:38.803+05:30  WARN 21940 --- [Telusko_Project_1] [restartedMain] JpaBaseConfiguration$JpaWebConfiguration : spring.jpa.open-in-view is enabled by default. Therefore, database queries may be performed during view rendering. Explicitly configure spring.jpa.open-in-view to disable this warning
2024-09-21T16:29:39.228+05:30  INFO 21940 --- [Telusko_Project_1] [restartedMain] o.s.b.d.a.OptionalLiveReloadServer       : LiveReload server is running on port 35729
2024-09-21T16:29:39.277+05:30  INFO 21940 --- [Telusko_Project_1] [restartedMain] o.s.b.w.embedded.tomcat.TomcatWebServer  : Tomcat started on port 8080 (http) with context path '/'
2024-09-21T16:29:39.289+05:30  INFO 21940 --- [Telusko_Project_1] [restartedMain] d.j.t.TeluskoProject1Application         : Started TeluskoProject1Application in 5.559 seconds (process running for 7.135)
2024-09-21T16:29:44.509+05:30  INFO 21940 --- [Telusko_Project_1] [http-nio-8080-exec-7] o.a.c.c.C.[Tomcat].[localhost].[/]       : Initializing Spring DispatcherServlet 'dispatcherServlet'
2024-09-21T16:29:44.510+05:30  INFO 21940 --- [Telusko_Project_1] [http-nio-8080-exec-7] o.s.web.servlet.DispatcherServlet        : Initializing Servlet 'dispatcherServlet'
2024-09-21T16:29:44.512+05:30  INFO 21940 --- [Telusko_Project_1] [http-nio-8080-exec-7] o.s.web.servlet.DispatcherServlet        : Completed initialization in 2 ms
2024-09-21T16:31:18.039+05:30  INFO 21940 --- [Telusko_Project_1] [SpringApplicationShutdownHook] j.LocalContainerEntityManagerFactoryBean : Closing JPA EntityManagerFactory for persistence unit 'default'
2024-09-21T16:31:18.042+05:30  INFO 21940 --- [Telusko_Project_1] [SpringApplicationShutdownHook] com.zaxxer.hikari.HikariDataSource       : HikariPool-1 - Shutdown initiated...
2024-09-21T16:31:18.054+05:30  INFO 21940 --- [Telusko_Project_1] [SpringApplicationShutdownHook] com.zaxxer.hikari.HikariDataSource       : HikariPool-1 - Shutdown completed.
2024-09-21T16:31:26.147+05:30  INFO 1472 --- [Telusko_Project_1] [restartedMain] d.j.t.TeluskoProject1Application         : Starting TeluskoProject1Application using Java 21.0.4 with PID 1472 (D:\Telusko Project\Telusko_Project_1\target\classes started by JAGAN BASKAR in D:\Telusko Project\Telusko_Project_1)
2024-09-21T16:31:26.152+05:30  INFO 1472 --- [Telusko_Project_1] [restartedMain] d.j.t.TeluskoProject1Application         : No active profile set, falling back to 1 default profile: "default"
2024-09-21T16:31:26.233+05:30  INFO 1472 --- [Telusko_Project_1] [restartedMain] .e.DevToolsPropertyDefaultsPostProcessor : Devtools property defaults active! Set 'spring.devtools.add-properties' to 'false' to disable
2024-09-21T16:31:26.233+05:30  INFO 1472 --- [Telusko_Project_1] [restartedMain] .e.DevToolsPropertyDefaultsPostProcessor : For additional web related logging consider setting the 'logging.level.web' property to 'DEBUG'
2024-09-21T16:31:27.297+05:30  INFO 1472 --- [Telusko_Project_1] [restartedMain] .s.d.r.c.RepositoryConfigurationDelegate : Bootstrapping Spring Data JPA repositories in DEFAULT mode.
2024-09-21T16:31:27.367+05:30  INFO 1472 --- [Telusko_Project_1] [restartedMain] .s.d.r.c.RepositoryConfigurationDelegate : Finished Spring Data repository scanning in 58 ms. Found 1 JPA repository interface.
2024-09-21T16:31:28.022+05:30  INFO 1472 --- [Telusko_Project_1] [restartedMain] o.s.b.w.embedded.tomcat.TomcatWebServer  : Tomcat initialized with port 8080 (http)
2024-09-21T16:31:28.045+05:30  INFO 1472 --- [Telusko_Project_1] [restartedMain] o.apache.catalina.core.StandardService   : Starting service [Tomcat]
2024-09-21T16:31:28.045+05:30  INFO 1472 --- [Telusko_Project_1] [restartedMain] o.apache.catalina.core.StandardEngine    : Starting Servlet engine: [Apache Tomcat/10.1.28]
2024-09-21T16:31:28.107+05:30  INFO 1472 --- [Telusko_Project_1] [restartedMain] o.a.c.c.C.[Tomcat].[localhost].[/]       : Initializing Spring embedded WebApplicationContext
2024-09-21T16:31:28.107+05:30  INFO 1472 --- [Telusko_Project_1] [restartedMain] w.s.c.ServletWebServerApplicationContext : Root WebApplicationContext: initialization completed in 1873 ms
2024-09-21T16:31:28.145+05:30  INFO 1472 --- [Telusko_Project_1] [restartedMain] com.zaxxer.hikari.HikariDataSource       : HikariPool-1 - Starting...
2024-09-21T16:31:28.549+05:30  INFO 1472 --- [Telusko_Project_1] [restartedMain] com.zaxxer.hikari.pool.HikariPool        : HikariPool-1 - Added connection com.mysql.cj.jdbc.ConnectionImpl@3121b7e9
2024-09-21T16:31:28.552+05:30  INFO 1472 --- [Telusko_Project_1] [restartedMain] com.zaxxer.hikari.HikariDataSource       : HikariPool-1 - Start completed.
2024-09-21T16:31:28.562+05:30  INFO 1472 --- [Telusko_Project_1] [restartedMain] o.s.b.a.h2.H2ConsoleAutoConfiguration    : H2 console available at '/h2-console'. Database available at 'jdbc:mysql://localhost:3306/telusko_project_1'
2024-09-21T16:31:28.717+05:30  INFO 1472 --- [Telusko_Project_1] [restartedMain] o.hibernate.jpa.internal.util.LogHelper  : HHH000204: Processing PersistenceUnitInfo [name: default]
2024-09-21T16:31:28.802+05:30  INFO 1472 --- [Telusko_Project_1] [restartedMain] org.hibernate.Version                    : HHH000412: Hibernate ORM core version 6.5.2.Final
2024-09-21T16:31:28.860+05:30  INFO 1472 --- [Telusko_Project_1] [restartedMain] o.h.c.internal.RegionFactoryInitiator    : HHH000026: Second-level cache disabled
2024-09-21T16:31:29.278+05:30  INFO 1472 --- [Telusko_Project_1] [restartedMain] o.s.o.j.p.SpringPersistenceUnitInfo      : No LoadTimeWeaver setup: ignoring JPA class transformer
2024-09-21T16:31:30.319+05:30  INFO 1472 --- [Telusko_Project_1] [restartedMain] o.h.e.t.j.p.i.JtaPlatformInitiator       : HHH000489: No JTA platform available (set 'hibernate.transaction.jta.platform' to enable JTA platform integration)
2024-09-21T16:31:30.373+05:30  INFO 1472 --- [Telusko_Project_1] [restartedMain] j.LocalContainerEntityManagerFactoryBean : Initialized JPA EntityManagerFactory for persistence unit 'default'
2024-09-21T16:31:30.736+05:30  WARN 1472 --- [Telusko_Project_1] [restartedMain] JpaBaseConfiguration$JpaWebConfiguration : spring.jpa.open-in-view is enabled by default. Therefore, database queries may be performed during view rendering. Explicitly configure spring.jpa.open-in-view to disable this warning
2024-09-21T16:31:31.187+05:30  INFO 1472 --- [Telusko_Project_1] [restartedMain] o.s.b.d.a.OptionalLiveReloadServer       : LiveReload server is running on port 35729
2024-09-21T16:31:31.234+05:30  INFO 1472 --- [Telusko_Project_1] [restartedMain] o.s.b.w.embedded.tomcat.TomcatWebServer  : Tomcat started on port 8080 (http) with context path '/'
2024-09-21T16:31:31.242+05:30  INFO 1472 --- [Telusko_Project_1] [restartedMain] d.j.t.TeluskoProject1Application         : Started TeluskoProject1Application in 5.91 seconds (process running for 7.525)
2024-09-21T16:31:36.953+05:30  INFO 1472 --- [Telusko_Project_1] [http-nio-8080-exec-1] o.a.c.c.C.[Tomcat].[localhost].[/]       : Initializing Spring DispatcherServlet 'dispatcherServlet'
2024-09-21T16:31:36.954+05:30  INFO 1472 --- [Telusko_Project_1] [http-nio-8080-exec-1] o.s.web.servlet.DispatcherServlet        : Initializing Servlet 'dispatcherServlet'
2024-09-21T16:31:36.956+05:30  INFO 1472 --- [Telusko_Project_1] [http-nio-8080-exec-1] o.s.web.servlet.DispatcherServlet        : Completed initialization in 2 ms
2024-09-21T16:33:32.623+05:30  INFO 1472 --- [Telusko_Project_1] [SpringApplicationShutdownHook] j.LocalContainerEntityManagerFactoryBean : Closing JPA EntityManagerFactory for persistence unit 'default'
2024-09-21T16:33:32.627+05:30  INFO 1472 --- [Telusko_Project_1] [SpringApplicationShutdownHook] com.zaxxer.hikari.HikariDataSource       : HikariPool-1 - Shutdown initiated...
2024-09-21T16:33:32.633+05:30  INFO 1472 --- [Telusko_Project_1] [SpringApplicationShutdownHook] com.zaxxer.hikari.HikariDataSource       : HikariPool-1 - Shutdown completed.
